Warning[2058] C:\Users\Carol\Desktop\projeto aquario\AquaTravel_LM35 Rodando\AquaTravel\displayLCD.h 319 : call of function without prototype
Warning[2058] C:\Users\Carol\Desktop\projeto aquario\AquaTravel_LM35 Rodando\AquaTravel\displayLCD.h 331 : call of function without prototype
Warning[2054] C:\Users\Carol\Desktop\projeto aquario\AquaTravel_LM35 Rodando\AquaTravel\displayLCD.h 333 : suspicious pointer conversion
Warning[2058] C:\Users\Carol\Desktop\projeto aquario\AquaTravel_LM35 Rodando\AquaTravel\displayLCD.h 361 : call of function without prototype
Warning[2058] C:\Users\Carol\Desktop\projeto aquario\AquaTravel_LM35 Rodando\AquaTravel\displayLCD.h 371 : call of function without prototype
Warning[2054] C:\Users\Carol\Desktop\projeto aquario\AquaTravel_LM35 Rodando\AquaTravel\displayLCD.h 373 : suspicious pointer conversion
Warning[2054] C:\Users\Carol\Desktop\projeto aquario\AquaTravel_LM35 Rodando\AquaTravel\Timer0.c 223 : suspicious pointer conversion
Warning[2066] C:\Users\Carol\Desktop\projeto aquario\AquaTravel_LM35 Rodando\AquaTravel\Timer0.c 223 : type qualifier mismatch in assignment
Warning[2054] C:\Users\Carol\Desktop\projeto aquario\AquaTravel_LM35 Rodando\AquaTravel\Timer0.c 225 : suspicious pointer conversion
Warning[2054] C:\Users\Carol\Desktop\projeto aquario\AquaTravel_LM35 Rodando\AquaTravel\Timer0.c 226 : suspicious pointer conversion
Warning[2066] C:\Users\Carol\Desktop\projeto aquario\AquaTravel_LM35 Rodando\AquaTravel\Timer0.c 226 : type qualifier mismatch in assignment
Warning[2054] C:\Users\Carol\Desktop\projeto aquario\AquaTravel_LM35 Rodando\AquaTravel\Timer0.c 228 : suspicious pointer conversion
Warning[2054] C:\Users\Carol\Desktop\projeto aquario\AquaTravel_LM35 Rodando\AquaTravel\Timer0.c 252 : suspicious pointer conversion
Warning[2066] C:\Users\Carol\Desktop\projeto aquario\AquaTravel_LM35 Rodando\AquaTravel\Timer0.c 252 : type qualifier mismatch in assignment
Warning[2054] C:\Users\Carol\Desktop\projeto aquario\AquaTravel_LM35 Rodando\AquaTravel\Timer0.c 254 : suspicious pointer conversion
Warning[2054] C:\Users\Carol\Desktop\projeto aquario\AquaTravel_LM35 Rodando\AquaTravel\Timer0.c 255 : suspicious pointer conversion
Warning[2066] C:\Users\Carol\Desktop\projeto aquario\AquaTravel_LM35 Rodando\AquaTravel\Timer0.c 255 : type qualifier mismatch in assignment
Warning[2054] C:\Users\Carol\Desktop\projeto aquario\AquaTravel_LM35 Rodando\AquaTravel\Timer0.c 257 : suspicious pointer conversion
Warning[2054] C:\Users\Carol\Desktop\projeto aquario\AquaTravel_LM35 Rodando\AquaTravel\Timer0.c 280 : suspicious pointer conversion
Warning[2066] C:\Users\Carol\Desktop\projeto aquario\AquaTravel_LM35 Rodando\AquaTravel\Timer0.c 280 : type qualifier mismatch in assignment
Warning[2054] C:\Users\Carol\Desktop\projeto aquario\AquaTravel_LM35 Rodando\AquaTravel\Timer0.c 282 : suspicious pointer conversion
Warning[2054] C:\Users\Carol\Desktop\projeto aquario\AquaTravel_LM35 Rodando\AquaTravel\Timer0.c 291 : suspicious pointer conversion
Warning[2066] C:\Users\Carol\Desktop\projeto aquario\AquaTravel_LM35 Rodando\AquaTravel\Timer0.c 291 : type qualifier mismatch in assignment
Warning[2054] C:\Users\Carol\Desktop\projeto aquario\AquaTravel_LM35 Rodando\AquaTravel\Timer0.c 293 : suspicious pointer conversion
Warning[2054] C:\Users\Carol\Desktop\projeto aquario\AquaTravel_LM35 Rodando\AquaTravel\Timer0.c 305 : suspicious pointer conversion
Warning[2066] C:\Users\Carol\Desktop\projeto aquario\AquaTravel_LM35 Rodando\AquaTravel\Timer0.c 305 : type qualifier mismatch in assignment
Warning[2054] C:\Users\Carol\Desktop\projeto aquario\AquaTravel_LM35 Rodando\AquaTravel\Timer0.c 307 : suspicious pointer conversion
Warning[2054] C:\Users\Carol\Desktop\projeto aquario\AquaTravel_LM35 Rodando\AquaTravel\Timer0.c 314 : suspicious pointer conversion
Warning[2066] C:\Users\Carol\Desktop\projeto aquario\AquaTravel_LM35 Rodando\AquaTravel\Timer0.c 314 : type qualifier mismatch in assignment
Warning[2054] C:\Users\Carol\Desktop\projeto aquario\AquaTravel_LM35 Rodando\AquaTravel\Timer0.c 316 : suspicious pointer conversion
Warning[2054] C:\Users\Carol\Desktop\projeto aquario\AquaTravel_LM35 Rodando\AquaTravel\Timer0.c 323 : suspicious pointer conversion
Warning[2066] C:\Users\Carol\Desktop\projeto aquario\AquaTravel_LM35 Rodando\AquaTravel\Timer0.c 323 : type qualifier mismatch in assignment
Warning[2054] C:\Users\Carol\Desktop\projeto aquario\AquaTravel_LM35 Rodando\AquaTravel\Timer0.c 325 : suspicious pointer conversion
Warning[2054] C:\Users\Carol\Desktop\projeto aquario\AquaTravel_LM35 Rodando\AquaTravel\Timer0.c 332 : suspicious pointer conversion
Warning[2066] C:\Users\Carol\Desktop\projeto aquario\AquaTravel_LM35 Rodando\AquaTravel\Timer0.c 332 : type qualifier mismatch in assignment
Warning[2054] C:\Users\Carol\Desktop\projeto aquario\AquaTravel_LM35 Rodando\AquaTravel\Timer0.c 334 : suspicious pointer conversion
Warning[2054] C:\Users\Carol\Desktop\projeto aquario\AquaTravel_LM35 Rodando\AquaTravel\Timer0.c 341 : suspicious pointer conversion
Warning[2066] C:\Users\Carol\Desktop\projeto aquario\AquaTravel_LM35 Rodando\AquaTravel\Timer0.c 341 : type qualifier mismatch in assignment
Warning[2054] C:\Users\Carol\Desktop\projeto aquario\AquaTravel_LM35 Rodando\AquaTravel\Timer0.c 343 : suspicious pointer conversion
Warning[2054] C:\Users\Carol\Desktop\projeto aquario\AquaTravel_LM35 Rodando\AquaTravel\Timer0.c 368 : suspicious pointer conversion
Warning[2066] C:\Users\Carol\Desktop\projeto aquario\AquaTravel_LM35 Rodando\AquaTravel\Timer0.c 368 : type qualifier mismatch in assignment
Warning[2054] C:\Users\Carol\Desktop\projeto aquario\AquaTravel_LM35 Rodando\AquaTravel\Timer0.c 370 : suspicious pointer conversion
Warning[2054] C:\Users\Carol\Desktop\projeto aquario\AquaTravel_LM35 Rodando\AquaTravel\Timer0.c 371 : suspicious pointer conversion
Warning[2066] C:\Users\Carol\Desktop\projeto aquario\AquaTravel_LM35 Rodando\AquaTravel\Timer0.c 371 : type qualifier mismatch in assignment
Warning[2054] C:\Users\Carol\Desktop\projeto aquario\AquaTravel_LM35 Rodando\AquaTravel\Timer0.c 373 : suspicious pointer conversion
Warning[2054] C:\Users\Carol\Desktop\projeto aquario\AquaTravel_LM35 Rodando\AquaTravel\Timer0.c 403 : suspicious pointer conversion
Warning[2066] C:\Users\Carol\Desktop\projeto aquario\AquaTravel_LM35 Rodando\AquaTravel\Timer0.c 403 : type qualifier mismatch in assignment
Warning[2054] C:\Users\Carol\Desktop\projeto aquario\AquaTravel_LM35 Rodando\AquaTravel\Timer0.c 405 : suspicious pointer conversion
Warning[2054] C:\Users\Carol\Desktop\projeto aquario\AquaTravel_LM35 Rodando\AquaTravel\Timer0.c 406 : suspicious pointer conversion
Warning[2066] C:\Users\Carol\Desktop\projeto aquario\AquaTravel_LM35 Rodando\AquaTravel\Timer0.c 406 : type qualifier mismatch in assignment
Warning[2054] C:\Users\Carol\Desktop\projeto aquario\AquaTravel_LM35 Rodando\AquaTravel\Timer0.c 408 : suspicious pointer conversion
Warning[2058] C:\Users\Carol\Desktop\projeto aquario\AquaTravel_LM35 Rodando\AquaTravel\Timer0.c 411 : call of function without prototype
Warning[2054] C:\Users\Carol\Desktop\projeto aquario\AquaTravel_LM35 Rodando\AquaTravel\Timer0.c 420 : suspicious pointer conversion
Warning[2066] C:\Users\Carol\Desktop\projeto aquario\AquaTravel_LM35 Rodando\AquaTravel\Timer0.c 420 : type qualifier mismatch in assignment
Warning[2054] C:\Users\Carol\Desktop\projeto aquario\AquaTravel_LM35 Rodando\AquaTravel\Timer0.c 422 : suspicious pointer conversion
Warning[2054] C:\Users\Carol\Desktop\projeto aquario\AquaTravel_LM35 Rodando\AquaTravel\Timer0.c 423 : suspicious pointer conversion
Warning[2066] C:\Users\Carol\Desktop\projeto aquario\AquaTravel_LM35 Rodando\AquaTravel\Timer0.c 423 : type qualifier mismatch in assignment
Warning[2054] C:\Users\Carol\Desktop\projeto aquario\AquaTravel_LM35 Rodando\AquaTravel\Timer0.c 425 : suspicious pointer conversion
Warning[2054] C:\Users\Carol\Desktop\projeto aquario\AquaTravel_LM35 Rodando\AquaTravel\Timer0.c 442 : suspicious pointer conversion
Warning[2066] C:\Users\Carol\Desktop\projeto aquario\AquaTravel_LM35 Rodando\AquaTravel\Timer0.c 442 : type qualifier mismatch in assignment
Warning[2054] C:\Users\Carol\Desktop\projeto aquario\AquaTravel_LM35 Rodando\AquaTravel\Timer0.c 444 : suspicious pointer conversion
Warning[2054] C:\Users\Carol\Desktop\projeto aquario\AquaTravel_LM35 Rodando\AquaTravel\Timer0.c 445 : suspicious pointer conversion
Warning[2066] C:\Users\Carol\Desktop\projeto aquario\AquaTravel_LM35 Rodando\AquaTravel\Timer0.c 445 : type qualifier mismatch in assignment
Warning[2054] C:\Users\Carol\Desktop\projeto aquario\AquaTravel_LM35 Rodando\AquaTravel\Timer0.c 447 : suspicious pointer conversion
Warning[2054] C:\Users\Carol\Desktop\projeto aquario\AquaTravel_LM35 Rodando\AquaTravel\Timer0.c 455 : suspicious pointer conversion
Warning[2066] C:\Users\Carol\Desktop\projeto aquario\AquaTravel_LM35 Rodando\AquaTravel\Timer0.c 455 : type qualifier mismatch in assignment
Warning[2054] C:\Users\Carol\Desktop\projeto aquario\AquaTravel_LM35 Rodando\AquaTravel\Timer0.c 457 : suspicious pointer conversion
Warning[2054] C:\Users\Carol\Desktop\projeto aquario\AquaTravel_LM35 Rodando\AquaTravel\Timer0.c 458 : suspicious pointer conversion
Warning[2066] C:\Users\Carol\Desktop\projeto aquario\AquaTravel_LM35 Rodando\AquaTravel\Timer0.c 458 : type qualifier mismatch in assignment
Warning[2054] C:\Users\Carol\Desktop\projeto aquario\AquaTravel_LM35 Rodando\AquaTravel\Timer0.c 460 : suspicious pointer conversion
Warning[2054] C:\Users\Carol\Desktop\projeto aquario\AquaTravel_LM35 Rodando\AquaTravel\Timer0.c 469 : suspicious pointer conversion
Warning[2066] C:\Users\Carol\Desktop\projeto aquario\AquaTravel_LM35 Rodando\AquaTravel\Timer0.c 469 : type qualifier mismatch in assignment
Warning[2054] C:\Users\Carol\Desktop\projeto aquario\AquaTravel_LM35 Rodando\AquaTravel\Timer0.c 471 : suspicious pointer conversion
Warning[2054] C:\Users\Carol\Desktop\projeto aquario\AquaTravel_LM35 Rodando\AquaTravel\Timer0.c 472 : suspicious pointer conversion
Warning[2066] C:\Users\Carol\Desktop\projeto aquario\AquaTravel_LM35 Rodando\AquaTravel\Timer0.c 472 : type qualifier mismatch in assignment
Warning[2054] C:\Users\Carol\Desktop\projeto aquario\AquaTravel_LM35 Rodando\AquaTravel\Timer0.c 474 : suspicious pointer conversion
Warning[2054] C:\Users\Carol\Desktop\projeto aquario\AquaTravel_LM35 Rodando\AquaTravel\Timer0.c 483 : suspicious pointer conversion
Warning[2066] C:\Users\Carol\Desktop\projeto aquario\AquaTravel_LM35 Rodando\AquaTravel\Timer0.c 483 : type qualifier mismatch in assignment
Warning[2054] C:\Users\Carol\Desktop\projeto aquario\AquaTravel_LM35 Rodando\AquaTravel\Timer0.c 485 : suspicious pointer conversion
Warning[2054] C:\Users\Carol\Desktop\projeto aquario\AquaTravel_LM35 Rodando\AquaTravel\Timer0.c 486 : suspicious pointer conversion
Warning[2066] C:\Users\Carol\Desktop\projeto aquario\AquaTravel_LM35 Rodando\AquaTravel\Timer0.c 486 : type qualifier mismatch in assignment
Warning[2054] C:\Users\Carol\Desktop\projeto aquario\AquaTravel_LM35 Rodando\AquaTravel\Timer0.c 488 : suspicious pointer conversion
Warning[2054] C:\Users\Carol\Desktop\projeto aquario\AquaTravel_LM35 Rodando\AquaTravel\Timer0.c 497 : suspicious pointer conversion
Warning[2066] C:\Users\Carol\Desktop\projeto aquario\AquaTravel_LM35 Rodando\AquaTravel\Timer0.c 497 : type qualifier mismatch in assignment
Warning[2054] C:\Users\Carol\Desktop\projeto aquario\AquaTravel_LM35 Rodando\AquaTravel\Timer0.c 499 : suspicious pointer conversion
Warning[2054] C:\Users\Carol\Desktop\projeto aquario\AquaTravel_LM35 Rodando\AquaTravel\Timer0.c 500 : suspicious pointer conversion
Warning[2066] C:\Users\Carol\Desktop\projeto aquario\AquaTravel_LM35 Rodando\AquaTravel\Timer0.c 500 : type qualifier mismatch in assignment
Warning[2054] C:\Users\Carol\Desktop\projeto aquario\AquaTravel_LM35 Rodando\AquaTravel\Timer0.c 502 : suspicious pointer conversion
Warning[2058] C:\Users\Carol\Desktop\projeto aquario\AquaTravel_LM35 Rodando\AquaTravel\Timer0.c 511 : call of function without prototype
Warning[2054] C:\Users\Carol\Desktop\projeto aquario\AquaTravel_LM35 Rodando\AquaTravel\Timer0.c 565 : suspicious pointer conversion
Warning[2066] C:\Users\Carol\Desktop\projeto aquario\AquaTravel_LM35 Rodando\AquaTravel\Timer0.c 565 : type qualifier mismatch in assignment
Warning[2054] C:\Users\Carol\Desktop\projeto aquario\AquaTravel_LM35 Rodando\AquaTravel\Timer0.c 567 : suspicious pointer conversion
Warning[2054] C:\Users\Carol\Desktop\projeto aquario\AquaTravel_LM35 Rodando\AquaTravel\Timer0.c 568 : suspicious pointer conversion
Warning[2066] C:\Users\Carol\Desktop\projeto aquario\AquaTravel_LM35 Rodando\AquaTravel\Timer0.c 568 : type qualifier mismatch in assignment
Warning[2054] C:\Users\Carol\Desktop\projeto aquario\AquaTravel_LM35 Rodando\AquaTravel\Timer0.c 570 : suspicious pointer conversion
Warning[2054] C:\Users\Carol\Desktop\projeto aquario\AquaTravel_LM35 Rodando\AquaTravel\Timer0.c 623 : suspicious pointer conversion
Warning[2066] C:\Users\Carol\Desktop\projeto aquario\AquaTravel_LM35 Rodando\AquaTravel\Timer0.c 623 : type qualifier mismatch in assignment
Warning[2054] C:\Users\Carol\Desktop\projeto aquario\AquaTravel_LM35 Rodando\AquaTravel\Timer0.c 625 : suspicious pointer conversion
Warning[2054] C:\Users\Carol\Desktop\projeto aquario\AquaTravel_LM35 Rodando\AquaTravel\Timer0.c 626 : suspicious pointer conversion
Warning[2066] C:\Users\Carol\Desktop\projeto aquario\AquaTravel_LM35 Rodando\AquaTravel\Timer0.c 626 : type qualifier mismatch in assignment
Warning[2054] C:\Users\Carol\Desktop\projeto aquario\AquaTravel_LM35 Rodando\AquaTravel\Timer0.c 628 : suspicious pointer conversion
Warning[2054] C:\Users\Carol\Desktop\projeto aquario\AquaTravel_LM35 Rodando\AquaTravel\Timer0.c 681 : suspicious pointer conversion
Warning[2066] C:\Users\Carol\Desktop\projeto aquario\AquaTravel_LM35 Rodando\AquaTravel\Timer0.c 681 : type qualifier mismatch in assignment
Warning[2054] C:\Users\Carol\Desktop\projeto aquario\AquaTravel_LM35 Rodando\AquaTravel\Timer0.c 683 : suspicious pointer conversion
Warning[2054] C:\Users\Carol\Desktop\projeto aquario\AquaTravel_LM35 Rodando\AquaTravel\Timer0.c 684 : suspicious pointer conversion
Warning[2066] C:\Users\Carol\Desktop\projeto aquario\AquaTravel_LM35 Rodando\AquaTravel\Timer0.c 684 : type qualifier mismatch in assignment
Warning[2054] C:\Users\Carol\Desktop\projeto aquario\AquaTravel_LM35 Rodando\AquaTravel\Timer0.c 686 : suspicious pointer conversion
Warning[2054] C:\Users\Carol\Desktop\projeto aquario\AquaTravel_LM35 Rodando\AquaTravel\Timer0.c 739 : suspicious pointer conversion
Warning[2066] C:\Users\Carol\Desktop\projeto aquario\AquaTravel_LM35 Rodando\AquaTravel\Timer0.c 739 : type qualifier mismatch in assignment
Warning[2054] C:\Users\Carol\Desktop\projeto aquario\AquaTravel_LM35 Rodando\AquaTravel\Timer0.c 741 : suspicious pointer conversion
Warning[2054] C:\Users\Carol\Desktop\projeto aquario\AquaTravel_LM35 Rodando\AquaTravel\Timer0.c 742 : suspicious pointer conversion
Warning[2066] C:\Users\Carol\Desktop\projeto aquario\AquaTravel_LM35 Rodando\AquaTravel\Timer0.c 742 : type qualifier mismatch in assignment
Warning[2054] C:\Users\Carol\Desktop\projeto aquario\AquaTravel_LM35 Rodando\AquaTravel\Timer0.c 744 : suspicious pointer conversion
Warning[2054] C:\Users\Carol\Desktop\projeto aquario\AquaTravel_LM35 Rodando\AquaTravel\Timer0.c 797 : suspicious pointer conversion
Warning[2066] C:\Users\Carol\Desktop\projeto aquario\AquaTravel_LM35 Rodando\AquaTravel\Timer0.c 797 : type qualifier mismatch in assignment
Warning[2054] C:\Users\Carol\Desktop\projeto aquario\AquaTravel_LM35 Rodando\AquaTravel\Timer0.c 799 : suspicious pointer conversion
Warning[2054] C:\Users\Carol\Desktop\projeto aquario\AquaTravel_LM35 Rodando\AquaTravel\Timer0.c 800 : suspicious pointer conversion
Warning[2066] C:\Users\Carol\Desktop\projeto aquario\AquaTravel_LM35 Rodando\AquaTravel\Timer0.c 800 : type qualifier mismatch in assignment
Warning[2054] C:\Users\Carol\Desktop\projeto aquario\AquaTravel_LM35 Rodando\AquaTravel\Timer0.c 802 : suspicious pointer conversion
Warning[2054] C:\Users\Carol\Desktop\projeto aquario\AquaTravel_LM35 Rodando\AquaTravel\Timer0.c 809 : suspicious pointer conversion
Warning[2066] C:\Users\Carol\Desktop\projeto aquario\AquaTravel_LM35 Rodando\AquaTravel\Timer0.c 809 : type qualifier mismatch in assignment
Warning[2054] C:\Users\Carol\Desktop\projeto aquario\AquaTravel_LM35 Rodando\AquaTravel\Timer0.c 811 : suspicious pointer conversion
Warning[2058] C:\Users\Carol\Desktop\projeto aquario\AquaTravel_LM35 Rodando\AquaTravel\Timer0.c 824 : call of function without prototype
Warning[2054] C:\Users\Carol\Desktop\projeto aquario\AquaTravel_LM35 Rodando\AquaTravel\Timer0.c 887 : suspicious pointer conversion
Warning[2066] C:\Users\Carol\Desktop\projeto aquario\AquaTravel_LM35 Rodando\AquaTravel\Timer0.c 887 : type qualifier mismatch in assignment
Warning[2054] C:\Users\Carol\Desktop\projeto aquario\AquaTravel_LM35 Rodando\AquaTravel\Timer0.c 889 : suspicious pointer conversion
Warning[2054] C:\Users\Carol\Desktop\projeto aquario\AquaTravel_LM35 Rodando\AquaTravel\Timer0.c 891 : suspicious pointer conversion
Warning[2066] C:\Users\Carol\Desktop\projeto aquario\AquaTravel_LM35 Rodando\AquaTravel\Timer0.c 891 : type qualifier mismatch in assignment
Warning[2054] C:\Users\Carol\Desktop\projeto aquario\AquaTravel_LM35 Rodando\AquaTravel\Timer0.c 893 : suspicious pointer conversion
